<?xml version="1.0" encoding="utf-8"?><testsuites name="pytest tests"><testsuite name="pytest" errors="0" failures="4" skipped="0" tests="19" time="6.705" timestamp="2026-08-07T20:33:24.735475+00:00" hostname="agent-env-0ac51bc1-fb4c-4489-951a-345e53afd734"><testcase classname="tests.backend_test.TestAuth" name="test_officer_login" time="0.140" /><testcase classname="tests.backend_test.TestAuth" name="test_admin_login" time="0.114" /><testcase classname="tests.backend_test.TestAuth" name="test_bad_pin" time="0.119" /><testcase classname="tests.backend_test.TestAuth" name="test_me" time="0.201" /><testcase classname="tests.backend_test.TestAuth" name="test_no_auth_protected" time="0.099" /><testcase classname="tests.backend_test.TestAuth" name="test_officer_cannot_admin" time="0.105" /><testcase classname="tests.backend_test.TestPublic" name="test_classes" time="0.096" /><testcase classname="tests.backend_test.TestPublic" name="test_series" time="0.103"><failure message="AssertionError: assert 9 &gt;= 15&#10; +  where 9 = len([{'id': '0652c07c-69b1-415f-9a72-8f4f80daa020', 'name': 'Early Spring', 'class_id': 'b6ed5c4a-b296-478f-9441-ab75be11997e', 'year': 2026, ...}, {'id': 'a5d9039a-1329-4bc0-b011-2f8d6d76ec13', 'name': 'Proton Cup', 'class_id': '89dbd659-8b62-4ab0-812f-553cbeb975fd', 'year': 2026, ...}, {'id': '951112a0-2468-439d-a7f5-15e8f29e647e', 'name': 'Late Spring', 'class_id': 'b6ed5c4a-b296-478f-9441-ab75be11997e', 'year': 2026, ...}, {'id': 'd7cd94a0-1e49-47a5-81f2-63b93880c433', 'name': 'Dragon Flagon', 'class_id': '89dbd659-8b62-4ab0-812f-553cbeb975fd', 'year': 2026, ...}, {'id': 'ba4632f1-f9c8-4f03-b5b0-2f97be30b36f', 'name': 'Summer', 'class_id': 'b6ed5c4a-b296-478f-9441-ab75be11997e', 'year': 2026, ...}, {'id': '8c25dbf8-3478-4dcf-844f-07b82e8f4e06', 'name': 'John Field Trophy', 'class_id': '89dbd659-8b62-4ab0-812f-553cbeb975fd', 'year': 2026, ...}, ...])&#10; +    where [{'id': '0652c07c-69b1-415f-9a72-8f4f80daa020', 'name': 'Early Spring', 'class_id': 'b6ed5c4a-b296-478f-9441-ab75be11997e', 'year': 2026, ...}, {'id': 'a5d9039a-1329-4bc0-b011-2f8d6d76ec13', 'name': 'Proton Cup', 'class_id': '89dbd659-8b62-4ab0-812f-553cbeb975fd', 'year': 2026, ...}, {'id': '951112a0-2468-439d-a7f5-15e8f29e647e', 'name': 'Late Spring', 'class_id': 'b6ed5c4a-b296-478f-9441-ab75be11997e', 'year': 2026, ...}, {'id': 'd7cd94a0-1e49-47a5-81f2-63b93880c433', 'name': 'Dragon Flagon', 'class_id': '89dbd659-8b62-4ab0-812f-553cbeb975fd', 'year': 2026, ...}, {'id': 'ba4632f1-f9c8-4f03-b5b0-2f97be30b36f', 'name': 'Summer', 'class_id': 'b6ed5c4a-b296-478f-9441-ab75be11997e', 'year': 2026, ...}, {'id': '8c25dbf8-3478-4dcf-844f-07b82e8f4e06', 'name': 'John Field Trophy', 'class_id': '89dbd659-8b62-4ab0-812f-553cbeb975fd', 'year': 2026, ...}, ...] = json()&#10; +      where json = &lt;Response [200]&gt;.json">backend/tests/backend_test.py:72: in test_series
    assert len(r.json()) &gt;= 15
E   AssertionError: assert 9 &gt;= 15
E    +  where 9 = len([{'id': '0652c07c-69b1-415f-9a72-8f4f80daa020', 'name': 'Early Spring', 'class_id': 'b6ed5c4a-b296-478f-9441-ab75be11997e', 'year': 2026, ...}, {'id': 'a5d9039a-1329-4bc0-b011-2f8d6d76ec13', 'name': 'Proton Cup', 'class_id': '89dbd659-8b62-4ab0-812f-553cbeb975fd', 'year': 2026, ...}, {'id': '951112a0-2468-439d-a7f5-15e8f29e647e', 'name': 'Late Spring', 'class_id': 'b6ed5c4a-b296-478f-9441-ab75be11997e', 'year': 2026, ...}, {'id': 'd7cd94a0-1e49-47a5-81f2-63b93880c433', 'name': 'Dragon Flagon', 'class_id': '89dbd659-8b62-4ab0-812f-553cbeb975fd', 'year': 2026, ...}, {'id': 'ba4632f1-f9c8-4f03-b5b0-2f97be30b36f', 'name': 'Summer', 'class_id': 'b6ed5c4a-b296-478f-9441-ab75be11997e', 'year': 2026, ...}, {'id': '8c25dbf8-3478-4dcf-844f-07b82e8f4e06', 'name': 'John Field Trophy', 'class_id': '89dbd659-8b62-4ab0-812f-553cbeb975fd', 'year': 2026, ...}, ...])
E    +    where [{'id': '0652c07c-69b1-415f-9a72-8f4f80daa020', 'name': 'Early Spring', 'class_id': 'b6ed5c4a-b296-478f-9441-ab75be11997e', 'year': 2026, ...}, {'id': 'a5d9039a-1329-4bc0-b011-2f8d6d76ec13', 'name': 'Proton Cup', 'class_id': '89dbd659-8b62-4ab0-812f-553cbeb975fd', 'year': 2026, ...}, {'id': '951112a0-2468-439d-a7f5-15e8f29e647e', 'name': 'Late Spring', 'class_id': 'b6ed5c4a-b296-478f-9441-ab75be11997e', 'year': 2026, ...}, {'id': 'd7cd94a0-1e49-47a5-81f2-63b93880c433', 'name': 'Dragon Flagon', 'class_id': '89dbd659-8b62-4ab0-812f-553cbeb975fd', 'year': 2026, ...}, {'id': 'ba4632f1-f9c8-4f03-b5b0-2f97be30b36f', 'name': 'Summer', 'class_id': 'b6ed5c4a-b296-478f-9441-ab75be11997e', 'year': 2026, ...}, {'id': '8c25dbf8-3478-4dcf-844f-07b82e8f4e06', 'name': 'John Field Trophy', 'class_id': '89dbd659-8b62-4ab0-812f-553cbeb975fd', 'year': 2026, ...}, ...] = json()
E    +      where json = &lt;Response [200]&gt;.json</failure></testcase><testcase classname="tests.backend_test.TestPublic" name="test_boats" time="0.113" /><testcase classname="tests.backend_test.TestPublic" name="test_rrs" time="0.117" /><testcase classname="tests.backend_test.TestPublic" name="test_notifications" time="0.099" /><testcase classname="tests.backend_test.TestAdminCRUD" name="test_boat_crud" time="0.560" /><testcase classname="tests.backend_test.TestAdminCRUD" name="test_class_crud" time="0.395" /><testcase classname="tests.backend_test.TestAdminCRUD" name="test_series_crud" time="0.420" /><testcase classname="tests.backend_test.TestRaceFlow" name="test_full_race_lifecycle" time="1.893"><failure message="AssertionError: assert 'bebc6415-fc1...-ae0061599ba3' == '59fa339e-76d...-23b65c0843f1'&#10;  &#10;  - 59fa339e-76d5-4a8e-ba00-23b65c0843f1&#10;  + bebc6415-fc17-4716-9616-ae0061599ba3">backend/tests/backend_test.py:231: in test_full_race_lifecycle
    assert winner["boat_id"] == boat_ids[1]
E   AssertionError: assert 'bebc6415-fc1...-ae0061599ba3' == '59fa339e-76d...-23b65c0843f1'
E     
E     - 59fa339e-76d5-4a8e-ba00-23b65c0843f1
E     + bebc6415-fc17-4716-9616-ae0061599ba3</failure></testcase><testcase classname="tests.backend_test.TestScoring" name="test_dnc_points_equal_entries_plus_1" time="0.200"><failure message="StopIteration">backend/tests/backend_test.py:251: in test_dnc_points_equal_entries_plus_1
    series = next(s for s in series_list if s["name"] == "Early Autumn")
             ^^^^^^^^^^^^^^^^^^^^^^^^^^^^^^^^^^^^^^^^^^^^^^^^^^^^^^^^^^^
E   StopIteration</failure></testcase><testcase classname="tests.test_schedule_sync.TestScheduleSync" name="test_put_series_syncs_existing_race_date" time="0.559"><failure message="AssertionError: Test date must differ from existing&#10;assert '2026-04-11' != '2026-04-11'">backend/tests/test_schedule_sync.py:40: in test_put_series_syncs_existing_race_date
    assert new_date != original_date, "Test date must differ from existing"
E   AssertionError: Test date must differ from existing
E   assert '2026-04-11' != '2026-04-11'</failure></testcase><testcase classname="tests.test_schedule_sync.TestScheduleSync" name="test_put_series_schedule_slot_with_no_race_persists" time="0.741" /><testcase classname="tests.test_schedule_sync.TestScheduleSync" name="test_generate_schedule_preserves_sailed_dates_and_syncs" time="0.533" /></testsuite></testsuites>