<?xml version="1.0" encoding="utf-8"?><testsuites name="pytest tests"><testsuite name="pytest" errors="0" failures="0" skipped="0" tests="5" time="7.779" timestamp="2026-08-09T16:57:53.783046+00:00" hostname="agent-env-0ac51bc1-fb4c-4489-951a-345e53afd734"><testcase classname="tests.test_handicap" name="test_class_scoring_type_persists" time="0.701" /><testcase classname="tests.test_handicap" name="test_boat_rating_persists" time="0.526" /><testcase classname="tests.test_handicap" name="test_py_corrected_time_ranking" time="1.449" /><testcase classname="tests.test_handicap" name="test_irc_corrected_time_ranking" time="1.127" /><testcase classname="tests.test_handicap" name="test_fleet_tap_order_and_undo" time="3.787" /></testsuite></testsuites>