<?xml version="1.0" encoding="utf-8"?><testsuites name="pytest tests"><testsuite name="pytest" errors="0" failures="0" skipped="0" tests="16" time="5.176" timestamp="2026-08-07T18:41:20.581053+00:00" hostname="agent-env-0ac51bc1-fb4c-4489-951a-345e53afd734"><testcase classname="tests.backend_test.TestPublic" name="test_classes" time="0.316" /><testcase classname="tests.backend_test.TestAuth" name="test_officer_login" time="0.259" /><testcase classname="tests.backend_test.TestAuth" name="test_admin_login" time="0.149" /><testcase classname="tests.backend_test.TestPublic" name="test_series" time="0.135" /><testcase classname="tests.backend_test.TestAuth" name="test_bad_pin" time="0.135" /><testcase classname="tests.backend_test.TestPublic" name="test_boats" time="0.109" /><testcase classname="tests.backend_test.TestPublic" name="test_rrs" time="0.139" /><testcase classname="tests.backend_test.TestAuth" name="test_me" time="0.269" /><testcase classname="tests.backend_test.TestPublic" name="test_notifications" time="0.116" /><testcase classname="tests.backend_test.TestAuth" name="test_no_auth_protected" time="0.133" /><testcase classname="tests.backend_test.TestAdminCRUD" name="test_boat_crud" time="0.632" /><testcase classname="tests.backend_test.TestAuth" name="test_officer_cannot_admin" time="0.104" /><testcase classname="tests.backend_test.TestRaceFlow" name="test_full_race_lifecycle" time="2.468" /><testcase classname="tests.backend_test.TestAdminCRUD" name="test_class_crud" time="0.310" /><testcase classname="tests.backend_test.TestAdminCRUD" name="test_series_crud" time="0.488" /><testcase classname="tests.backend_test.TestScoring" name="test_dnc_points_equal_entries_plus_1" time="0.997" /></testsuite></testsuites>