<?xml version="1.0" encoding="utf-8"?><testsuites name="pytest tests"><testsuite name="pytest" errors="0" failures="0" skipped="0" tests="3" time="2.099" timestamp="2026-08-07T20:53:01.006499+00:00" hostname="agent-env-0ac51bc1-fb4c-4489-951a-345e53afd734"><testcase classname="tests.test_recall" name="test_recall_and_republish_officer" time="1.262" /><testcase classname="tests.test_recall" name="test_recall_admin_role_also_allowed" time="0.510" /><testcase classname="tests.test_recall" name="test_status_endpoint_requires_auth" time="0.274" /></testsuite></testsuites>