<?xml version="1.0" encoding="utf-8"?><testsuites name="pytest tests"><testsuite name="pytest" errors="0" failures="0" skipped="0" tests="3" time="2.652" timestamp="2026-08-07T20:33:17.233289+00:00" hostname="agent-env-0ac51bc1-fb4c-4489-951a-345e53afd734"><testcase classname="tests.test_schedule_sync.TestScheduleSync" name="test_put_series_syncs_existing_race_date" time="1.261" /><testcase classname="tests.test_schedule_sync.TestScheduleSync" name="test_put_series_schedule_slot_with_no_race_persists" time="0.765" /><testcase classname="tests.test_schedule_sync.TestScheduleSync" name="test_generate_schedule_preserves_sailed_dates_and_syncs" time="0.581" /></testsuite></testsuites>